[debug] [2025-06-06T03:52:25.762Z] ----------------------------------------------------------------------
[debug] [2025-06-06T03:52:25.765Z] Command:       C:\Program Files\nodejs\node.exe C:\Users\sanji\AppData\Roaming\npm\node_modules\firebase-tools\lib\bin\firebase.js init
[debug] [2025-06-06T03:52:25.766Z] CLI Version:   14.6.0
[debug] [2025-06-06T03:52:25.766Z] Platform:      win32
[debug] [2025-06-06T03:52:25.766Z] Node Version:  v22.5.1
[debug] [2025-06-06T03:52:25.766Z] Time:          Fri Jun 06 2025 09:22:25 GMT+0530 (India Standard Time)
[debug] [2025-06-06T03:52:25.767Z] ----------------------------------------------------------------------
[debug] 
[debug] [2025-06-06T03:52:25.774Z] > command requires scopes: ["email","openid","https://www.googleapis.com/auth/cloudplatformprojects.readonly","https://www.googleapis.com/auth/firebase","https://www.googleapis.com/auth/cloud-platform"]
[debug] [2025-06-06T03:52:25.775Z] > authorizing via signed-in user (sanjivkumarhzb1427@gmail.com)
[info] 
     ######## #### ########  ######## ########     ###     ######  ########
     ##        ##  ##     ## ##       ##     ##  ##   ##  ##       ##
     ######    ##  ########  ######   ########  #########  ######  ######
     ##        ##  ##    ##  ##       ##     ## ##     ##       ## ##
     ##       #### ##     ## ######## ########  ##     ##  ######  ########

You're about to initialize a Firebase project in this directory:

  C:\Users\sanji\OneDrive\Desktop\hire-client-server\frontend

[info] 
=== Project Setup
[info] 
[info] First, let's associate this project directory with a Firebase project.
[info] You can create multiple project aliases by running firebase use --add, 
[info] but for now we'll just set up a default project.
[info] 
[debug] [2025-06-06T03:52:48.777Z] Checked if tokens are valid: true, expires at: 1749185452723
[debug] [2025-06-06T03:52:48.777Z] Checked if tokens are valid: true, expires at: 1749185452723
[debug] [2025-06-06T03:52:48.779Z] >>> [apiv2][query] GET https://firebase.googleapis.com/v1beta1/projects pageSize=100
[debug] [2025-06-06T03:52:50.258Z] <<< [apiv2][status] GET https://firebase.googleapis.com/v1beta1/projects 200
[debug] [2025-06-06T03:52:50.259Z] <<< [apiv2][body] GET https://firebase.googleapis.com/v1beta1/projects [omitted]
[info] i  Using project hire-31209 (hire) 
[info] 
=== Hosting Setup
[debug] [2025-06-06T03:53:01.625Z] Checked if tokens are valid: true, expires at: 1749185452723
[debug] [2025-06-06T03:53:01.625Z] Checked if tokens are valid: true, expires at: 1749185452723
[debug] [2025-06-06T03:53:01.625Z] >>> [apiv2][query] GET https://firebase.googleapis.com/v1beta1/projects/hire-31209 [none]
[debug] [2025-06-06T03:53:02.639Z] <<< [apiv2][status] GET https://firebase.googleapis.com/v1beta1/projects/hire-31209 200
[debug] [2025-06-06T03:53:02.639Z] <<< [apiv2][body] GET https://firebase.googleapis.com/v1beta1/projects/hire-31209 {"projectId":"hire-31209","projectNumber":"434862904841","displayName":"hire","name":"projects/hire-31209","resources":{"hostingSite":"hire-31209"},"state":"ACTIVE","etag":"1_cc93eee7-a133-4636-a09b-c865efac2ba7"}
[info] 
[info] Your public directory is the folder (relative to your project directory) that
[info] will contain Hosting assets to be uploaded with firebase deploy. If you
[info] have a build process for your assets, use your build's output directory.
[info] 
